2017-03-17 14:21:22,434 WARN org.apache.hadoop.util.NativeCodeLoader: Unable to load native-hadoop library for your platform... using builtin-java classes where applicable
2017-03-17 14:21:23,319 INFO org.apache.hadoop.conf.Configuration.deprecation: session.id is deprecated. Instead, use dfs.metrics.session-id
2017-03-17 14:21:23,327 INFO org.apache.hadoop.metrics.jvm.JvmMetrics: Initializing JVM Metrics with processName=JobTracker, sessionId=
2017-03-17 14:21:23,398 WARN org.apache.hadoop.security.UserGroupInformation: PriviledgedActionException as:cloudera (auth:SIMPLE) cause:org.apache.hadoop.mapred.FileAlreadyExistsException: Output directory file:/home/cloudera/workspace/MDP2/output2 already exists
2017-03-17 14:22:32,661 WARN org.apache.hadoop.util.NativeCodeLoader: Unable to load native-hadoop library for your platform... using builtin-java classes where applicable
2017-03-17 14:22:33,677 INFO org.apache.hadoop.conf.Configuration.deprecation: session.id is deprecated. Instead, use dfs.metrics.session-id
2017-03-17 14:22:33,686 INFO org.apache.hadoop.metrics.jvm.JvmMetrics: Initializing JVM Metrics with processName=JobTracker, sessionId=
2017-03-17 14:22:34,615 WARN org.apache.hadoop.mapreduce.JobResourceUploader: No job jar file set.  User classes may not be found. See Job or Job#setJar(String).
2017-03-17 14:22:34,691 INFO org.apache.hadoop.mapreduce.lib.input.FileInputFormat: Total input paths to process : 2
2017-03-17 14:22:34,885 INFO org.apache.hadoop.mapreduce.JobSubmitter: number of splits:2
2017-03-17 14:22:35,462 INFO org.apache.hadoop.mapreduce.JobSubmitter: Submitting tokens for job: job_local1477488220_0001
2017-03-17 14:22:36,234 INFO org.apache.hadoop.mapreduce.Job: The url to track the job: http://localhost:8080/
2017-03-17 14:22:36,235 INFO org.apache.hadoop.mapreduce.Job: Running job: job_local1477488220_0001
2017-03-17 14:22:36,237 INFO org.apache.hadoop.mapred.LocalJobRunner: OutputCommitter set in config null
2017-03-17 14:22:36,258 INFO org.apache.hadoop.mapreduce.lib.output.FileOutputCommitter: File Output Committer Algorithm version is 1
2017-03-17 14:22:36,260 INFO org.apache.hadoop.mapred.LocalJobRunner: OutputCommitter is org.apache.hadoop.mapreduce.lib.output.FileOutputCommitter
2017-03-17 14:22:36,430 INFO org.apache.hadoop.mapred.LocalJobRunner: Waiting for map tasks
2017-03-17 14:22:36,437 INFO org.apache.hadoop.mapred.LocalJobRunner: Starting task: attempt_local1477488220_0001_m_000000_0
2017-03-17 14:22:36,515 INFO org.apache.hadoop.mapreduce.lib.output.FileOutputCommitter: File Output Committer Algorithm version is 1
2017-03-17 14:22:36,552 INFO org.apache.hadoop.mapred.Task:  Using ResourceCalculatorProcessTree : [ ]
2017-03-17 14:22:36,556 INFO org.apache.hadoop.mapred.MapTask: Processing split: file:/home/cloudera/workspace/MDP2/input1/sample.txt~:0+16485
2017-03-17 14:22:36,935 INFO org.apache.hadoop.mapred.MapTask: (EQUATOR) 0 kvi 26214396(104857584)
2017-03-17 14:22:36,937 INFO org.apache.hadoop.mapred.MapTask: mapreduce.task.io.sort.mb: 100
2017-03-17 14:22:36,938 INFO org.apache.hadoop.mapred.MapTask: soft limit at 83886080
2017-03-17 14:22:36,938 INFO org.apache.hadoop.mapred.MapTask: bufstart = 0; bufvoid = 104857600
2017-03-17 14:22:36,938 INFO org.apache.hadoop.mapred.MapTask: kvstart = 26214396; length = 6553600
2017-03-17 14:22:36,948 INFO org.apache.hadoop.mapred.MapTask: Map output collector class = org.apache.hadoop.mapred.MapTask$MapOutputBuffer
2017-03-17 14:22:37,155 INFO org.apache.hadoop.mapred.LocalJobRunner: 
2017-03-17 14:22:37,158 INFO org.apache.hadoop.mapred.MapTask: Starting flush of map output
2017-03-17 14:22:37,158 INFO org.apache.hadoop.mapred.MapTask: Spilling map output
2017-03-17 14:22:37,159 INFO org.apache.hadoop.mapred.MapTask: bufstart = 0; bufend = 16485; bufvoid = 104857600
2017-03-17 14:22:37,160 INFO org.apache.hadoop.mapred.MapTask: kvstart = 26214396(104857584); kvend = 26212400(104849600); length = 1997/6553600
2017-03-17 14:22:37,239 INFO org.apache.hadoop.mapred.MapTask: Finished spill 0
2017-03-17 14:22:37,244 INFO org.apache.hadoop.mapreduce.Job: Job job_local1477488220_0001 running in uber mode : false
2017-03-17 14:22:37,245 INFO org.apache.hadoop.mapreduce.Job:  map 0% reduce 0%
2017-03-17 14:22:37,255 INFO org.apache.hadoop.mapred.Task: Task:attempt_local1477488220_0001_m_000000_0 is done. And is in the process of committing
2017-03-17 14:22:37,283 INFO org.apache.hadoop.mapred.LocalJobRunner: map
2017-03-17 14:22:37,286 INFO org.apache.hadoop.mapred.Task: Task 'attempt_local1477488220_0001_m_000000_0' done.
2017-03-17 14:22:37,286 INFO org.apache.hadoop.mapred.LocalJobRunner: Finishing task: attempt_local1477488220_0001_m_000000_0
2017-03-17 14:22:37,286 INFO org.apache.hadoop.mapred.LocalJobRunner: Starting task: attempt_local1477488220_0001_m_000001_0
2017-03-17 14:22:37,289 INFO org.apache.hadoop.mapreduce.lib.output.FileOutputCommitter: File Output Committer Algorithm version is 1
2017-03-17 14:22:37,289 INFO org.apache.hadoop.mapred.Task:  Using ResourceCalculatorProcessTree : [ ]
2017-03-17 14:22:37,291 INFO org.apache.hadoop.mapred.MapTask: Processing split: file:/home/cloudera/workspace/MDP2/input1/sample.txt:0+16484
2017-03-17 14:22:37,411 INFO org.apache.hadoop.mapred.MapTask: (EQUATOR) 0 kvi 26214396(104857584)
2017-03-17 14:22:37,421 INFO org.apache.hadoop.mapred.MapTask: mapreduce.task.io.sort.mb: 100
2017-03-17 14:22:37,421 INFO org.apache.hadoop.mapred.MapTask: soft limit at 83886080
2017-03-17 14:22:37,422 INFO org.apache.hadoop.mapred.MapTask: bufstart = 0; bufvoid = 104857600
2017-03-17 14:22:37,422 INFO org.apache.hadoop.mapred.MapTask: kvstart = 26214396; length = 6553600
2017-03-17 14:22:37,427 INFO org.apache.hadoop.mapred.MapTask: Map output collector class = org.apache.hadoop.mapred.MapTask$MapOutputBuffer
2017-03-17 14:22:37,587 INFO org.apache.hadoop.mapred.LocalJobRunner: 
2017-03-17 14:22:37,589 INFO org.apache.hadoop.mapred.MapTask: Starting flush of map output
2017-03-17 14:22:37,590 INFO org.apache.hadoop.mapred.MapTask: Spilling map output
2017-03-17 14:22:37,590 INFO org.apache.hadoop.mapred.MapTask: bufstart = 0; bufend = 8331; bufvoid = 104857600
2017-03-17 14:22:37,590 INFO org.apache.hadoop.mapred.MapTask: kvstart = 26214396(104857584); kvend = 26211440(104845760); length = 2957/6553600
2017-03-17 14:22:37,651 INFO org.apache.hadoop.mapred.MapTask: Finished spill 0
2017-03-17 14:22:37,652 INFO org.apache.hadoop.mapred.Task: Task:attempt_local1477488220_0001_m_000001_0 is done. And is in the process of committing
2017-03-17 14:22:37,660 INFO org.apache.hadoop.mapred.LocalJobRunner: map
2017-03-17 14:22:37,660 INFO org.apache.hadoop.mapred.Task: Task 'attempt_local1477488220_0001_m_000001_0' done.
2017-03-17 14:22:37,660 INFO org.apache.hadoop.mapred.LocalJobRunner: Finishing task: attempt_local1477488220_0001_m_000001_0
2017-03-17 14:22:37,663 INFO org.apache.hadoop.mapred.LocalJobRunner: map task executor complete.
2017-03-17 14:22:37,669 INFO org.apache.hadoop.mapred.LocalJobRunner: Waiting for reduce tasks
2017-03-17 14:22:37,670 INFO org.apache.hadoop.mapred.LocalJobRunner: Starting task: attempt_local1477488220_0001_r_000000_0
2017-03-17 14:22:37,698 INFO org.apache.hadoop.mapreduce.lib.output.FileOutputCommitter: File Output Committer Algorithm version is 1
2017-03-17 14:22:37,699 INFO org.apache.hadoop.mapred.Task:  Using ResourceCalculatorProcessTree : [ ]
2017-03-17 14:22:37,707 INFO org.apache.hadoop.mapred.ReduceTask: Using ShuffleConsumerPlugin: org.apache.hadoop.mapreduce.task.reduce.Shuffle@5bb48c07
2017-03-17 14:22:37,759 INFO org.apache.hadoop.mapreduce.task.reduce.MergeManagerImpl: MergerManager: memoryLimit=1396395136, maxSingleShuffleLimit=349098784, mergeThreshold=921620800, ioSortFactor=10, memToMemMergeOutputsThreshold=10
2017-03-17 14:22:37,776 INFO org.apache.hadoop.mapreduce.task.reduce.EventFetcher: attempt_local1477488220_0001_r_000000_0 Thread started: EventFetcher for fetching Map Completion Events
2017-03-17 14:22:37,878 INFO org.apache.hadoop.mapreduce.task.reduce.LocalFetcher: localfetcher#1 about to shuffle output of map attempt_local1477488220_0001_m_000001_0 decomp: 9813 len: 9817 to MEMORY
2017-03-17 14:22:37,887 INFO org.apache.hadoop.mapreduce.task.reduce.InMemoryMapOutput: Read 9813 bytes from map-output for attempt_local1477488220_0001_m_000001_0
2017-03-17 14:22:37,889 INFO org.apache.hadoop.mapreduce.task.reduce.MergeManagerImpl: closeInMemoryFile -> map-output of size: 9813, inMemoryMapOutputs.size() -> 1, commitMemory -> 0, usedMemory ->9813
2017-03-17 14:22:37,896 INFO org.apache.hadoop.mapreduce.task.reduce.LocalFetcher: localfetcher#1 about to shuffle output of map attempt_local1477488220_0001_m_000000_0 decomp: 17487 len: 17491 to MEMORY
2017-03-17 14:22:37,896 INFO org.apache.hadoop.mapreduce.task.reduce.InMemoryMapOutput: Read 17487 bytes from map-output for attempt_local1477488220_0001_m_000000_0
2017-03-17 14:22:37,897 INFO org.apache.hadoop.mapreduce.task.reduce.MergeManagerImpl: closeInMemoryFile -> map-output of size: 17487, inMemoryMapOutputs.size() -> 2, commitMemory -> 9813, usedMemory ->27300
2017-03-17 14:22:37,897 INFO org.apache.hadoop.mapreduce.task.reduce.EventFetcher: EventFetcher is interrupted.. Returning
2017-03-17 14:22:37,898 INFO org.apache.hadoop.mapred.LocalJobRunner: 2 / 2 copied.
2017-03-17 14:22:37,899 INFO org.apache.hadoop.mapreduce.task.reduce.MergeManagerImpl: finalMerge called with 2 in-memory map-outputs and 0 on-disk map-outputs
2017-03-17 14:22:37,908 INFO org.apache.hadoop.mapred.Merger: Merging 2 sorted segments
2017-03-17 14:22:37,909 INFO org.apache.hadoop.mapred.Merger: Down to the last merge-pass, with 2 segments left of total size: 27269 bytes
2017-03-17 14:22:37,967 INFO org.apache.hadoop.mapreduce.task.reduce.MergeManagerImpl: Merged 2 segments, 27300 bytes to disk to satisfy reduce memory limit
2017-03-17 14:22:37,968 INFO org.apache.hadoop.mapreduce.task.reduce.MergeManagerImpl: Merging 1 files, 27302 bytes from disk
2017-03-17 14:22:37,971 INFO org.apache.hadoop.mapreduce.task.reduce.MergeManagerImpl: Merging 0 segments, 0 bytes from memory into reduce
2017-03-17 14:22:37,972 INFO org.apache.hadoop.mapred.Merger: Merging 1 sorted segments
2017-03-17 14:22:37,972 INFO org.apache.hadoop.mapred.Merger: Down to the last merge-pass, with 1 segments left of total size: 27293 bytes
2017-03-17 14:22:37,986 INFO org.apache.hadoop.mapred.LocalJobRunner: 2 / 2 copied.
2017-03-17 14:22:38,001 INFO org.apache.hadoop.conf.Configuration.deprecation: mapred.skip.on is deprecated. Instead, use mapreduce.job.skiprecords
2017-03-17 14:22:38,247 INFO org.apache.hadoop.mapreduce.Job:  map 100% reduce 0%
2017-03-17 14:22:38,328 INFO org.apache.hadoop.mapred.Task: Task:attempt_local1477488220_0001_r_000000_0 is done. And is in the process of committing
2017-03-17 14:22:38,333 INFO org.apache.hadoop.mapred.LocalJobRunner: 2 / 2 copied.
2017-03-17 14:22:38,333 INFO org.apache.hadoop.mapred.Task: Task attempt_local1477488220_0001_r_000000_0 is allowed to commit now
2017-03-17 14:22:38,336 INFO org.apache.hadoop.mapreduce.lib.output.FileOutputCommitter: Saved output of task 'attempt_local1477488220_0001_r_000000_0' to file:/home/cloudera/workspace/MDP2/output2/_temporary/0/task_local1477488220_0001_r_000000
2017-03-17 14:22:38,337 INFO org.apache.hadoop.mapred.LocalJobRunner: reduce > reduce
2017-03-17 14:22:38,338 INFO org.apache.hadoop.mapred.Task: Task 'attempt_local1477488220_0001_r_000000_0' done.
2017-03-17 14:22:38,341 INFO org.apache.hadoop.mapred.LocalJobRunner: Finishing task: attempt_local1477488220_0001_r_000000_0
2017-03-17 14:22:38,341 INFO org.apache.hadoop.mapred.LocalJobRunner: reduce task executor complete.
2017-03-17 14:22:39,248 INFO org.apache.hadoop.mapreduce.Job:  map 100% reduce 100%
2017-03-17 14:22:39,248 INFO org.apache.hadoop.mapreduce.Job: Job job_local1477488220_0001 completed successfully
2017-03-17 14:22:39,269 INFO org.apache.hadoop.mapreduce.Job: Counters: 31
	File System Counters
		FILE: Number of bytes read=155007
		FILE: Number of bytes written=933299
		FILE: Number of read operations=0
		FILE: Number of large read operations=0
		FILE: Number of write operations=0
	Map-Reduce Framework
		Map input records=1000
		Map output records=1240
		Map output bytes=24816
		Map output materialized bytes=27308
		Input split bytes=235
		Combine input records=0
		Combine output records=0
		Reduce input groups=1118
		Reduce shuffle bytes=27308
		Reduce input records=1240
		Reduce output records=35
		Spilled Records=2480
		Shuffled Maps =2
		Failed Shuffles=0
		Merged Map outputs=2
		GC time elapsed (ms)=191
		Total committed heap usage (bytes)=783298560
	Shuffle Errors
		BAD_ID=0
		CONNECTION=0
		IO_ERROR=0
		WRONG_LENGTH=0
		WRONG_MAP=0
		WRONG_REDUCE=0
	File Input Format Counters 
		Bytes Read=32969
	File Output Format Counters 
		Bytes Written=390
	preprocessing.IndexSim$ComparisonNumber
		TOTALCOMP=168
2017-03-17 14:23:23,764 WARN org.apache.hadoop.util.NativeCodeLoader: Unable to load native-hadoop library for your platform... using builtin-java classes where applicable
2017-03-17 14:23:24,669 INFO org.apache.hadoop.conf.Configuration.deprecation: session.id is deprecated. Instead, use dfs.metrics.session-id
2017-03-17 14:23:24,677 INFO org.apache.hadoop.metrics.jvm.JvmMetrics: Initializing JVM Metrics with processName=JobTracker, sessionId=
2017-03-17 14:23:25,406 WARN org.apache.hadoop.mapreduce.JobResourceUploader: No job jar file set.  User classes may not be found. See Job or Job#setJar(String).
2017-03-17 14:23:25,467 INFO org.apache.hadoop.mapreduce.lib.input.FileInputFormat: Total input paths to process : 2
2017-03-17 14:23:25,663 INFO org.apache.hadoop.mapreduce.JobSubmitter: number of splits:2
2017-03-17 14:23:26,205 INFO org.apache.hadoop.mapreduce.JobSubmitter: Submitting tokens for job: job_local1974161352_0001
2017-03-17 14:23:27,183 INFO org.apache.hadoop.mapreduce.Job: The url to track the job: http://localhost:8080/
2017-03-17 14:23:27,298 INFO org.apache.hadoop.mapreduce.Job: Running job: job_local1974161352_0001
2017-03-17 14:23:27,184 INFO org.apache.hadoop.mapred.LocalJobRunner: OutputCommitter set in config null
2017-03-17 14:23:27,315 INFO org.apache.hadoop.mapreduce.lib.output.FileOutputCommitter: File Output Committer Algorithm version is 1
2017-03-17 14:23:27,329 INFO org.apache.hadoop.mapred.LocalJobRunner: OutputCommitter is org.apache.hadoop.mapreduce.lib.output.FileOutputCommitter
2017-03-17 14:23:27,466 INFO org.apache.hadoop.mapred.LocalJobRunner: Waiting for map tasks
2017-03-17 14:23:27,468 INFO org.apache.hadoop.mapred.LocalJobRunner: Starting task: attempt_local1974161352_0001_m_000000_0
2017-03-17 14:23:27,558 INFO org.apache.hadoop.mapreduce.lib.output.FileOutputCommitter: File Output Committer Algorithm version is 1
2017-03-17 14:23:27,599 INFO org.apache.hadoop.mapred.Task:  Using ResourceCalculatorProcessTree : [ ]
2017-03-17 14:23:27,602 INFO org.apache.hadoop.mapred.MapTask: Processing split: file:/home/cloudera/workspace/MDP2/input1/sample.txt~:0+16485
2017-03-17 14:23:27,856 INFO org.apache.hadoop.mapred.MapTask: (EQUATOR) 0 kvi 26214396(104857584)
2017-03-17 14:23:27,857 INFO org.apache.hadoop.mapred.MapTask: mapreduce.task.io.sort.mb: 100
2017-03-17 14:23:27,857 INFO org.apache.hadoop.mapred.MapTask: soft limit at 83886080
2017-03-17 14:23:27,857 INFO org.apache.hadoop.mapred.MapTask: bufstart = 0; bufvoid = 104857600
2017-03-17 14:23:27,857 INFO org.apache.hadoop.mapred.MapTask: kvstart = 26214396; length = 6553600
2017-03-17 14:23:27,865 INFO org.apache.hadoop.mapred.MapTask: Map output collector class = org.apache.hadoop.mapred.MapTask$MapOutputBuffer
2017-03-17 14:23:28,015 INFO org.apache.hadoop.mapred.LocalJobRunner: 
2017-03-17 14:23:28,020 INFO org.apache.hadoop.mapred.MapTask: Starting flush of map output
2017-03-17 14:23:28,020 INFO org.apache.hadoop.mapred.MapTask: Spilling map output
2017-03-17 14:23:28,021 INFO org.apache.hadoop.mapred.MapTask: bufstart = 0; bufend = 16485; bufvoid = 104857600
2017-03-17 14:23:28,021 INFO org.apache.hadoop.mapred.MapTask: kvstart = 26214396(104857584); kvend = 26212400(104849600); length = 1997/6553600
2017-03-17 14:23:28,077 INFO org.apache.hadoop.mapred.MapTask: Finished spill 0
2017-03-17 14:23:28,083 INFO org.apache.hadoop.mapred.Task: Task:attempt_local1974161352_0001_m_000000_0 is done. And is in the process of committing
2017-03-17 14:23:28,098 INFO org.apache.hadoop.mapred.LocalJobRunner: map
2017-03-17 14:23:28,100 INFO org.apache.hadoop.mapred.Task: Task 'attempt_local1974161352_0001_m_000000_0' done.
2017-03-17 14:23:28,101 INFO org.apache.hadoop.mapred.LocalJobRunner: Finishing task: attempt_local1974161352_0001_m_000000_0
2017-03-17 14:23:28,101 INFO org.apache.hadoop.mapred.LocalJobRunner: Starting task: attempt_local1974161352_0001_m_000001_0
2017-03-17 14:23:28,105 INFO org.apache.hadoop.mapreduce.lib.output.FileOutputCommitter: File Output Committer Algorithm version is 1
2017-03-17 14:23:28,106 INFO org.apache.hadoop.mapred.Task:  Using ResourceCalculatorProcessTree : [ ]
2017-03-17 14:23:28,108 INFO org.apache.hadoop.mapred.MapTask: Processing split: file:/home/cloudera/workspace/MDP2/input1/sample.txt:0+16484
2017-03-17 14:23:28,215 INFO org.apache.hadoop.mapred.MapTask: (EQUATOR) 0 kvi 26214396(104857584)
2017-03-17 14:23:28,225 INFO org.apache.hadoop.mapred.MapTask: mapreduce.task.io.sort.mb: 100
2017-03-17 14:23:28,225 INFO org.apache.hadoop.mapred.MapTask: soft limit at 83886080
2017-03-17 14:23:28,225 INFO org.apache.hadoop.mapred.MapTask: bufstart = 0; bufvoid = 104857600
2017-03-17 14:23:28,225 INFO org.apache.hadoop.mapred.MapTask: kvstart = 26214396; length = 6553600
2017-03-17 14:23:28,228 INFO org.apache.hadoop.mapred.MapTask: Map output collector class = org.apache.hadoop.mapred.MapTask$MapOutputBuffer
2017-03-17 14:23:28,308 INFO org.apache.hadoop.mapreduce.Job: Job job_local1974161352_0001 running in uber mode : false
2017-03-17 14:23:28,309 INFO org.apache.hadoop.mapreduce.Job:  map 100% reduce 0%
2017-03-17 14:23:28,377 INFO org.apache.hadoop.mapred.LocalJobRunner: 
2017-03-17 14:23:28,382 INFO org.apache.hadoop.mapred.MapTask: Starting flush of map output
2017-03-17 14:23:28,382 INFO org.apache.hadoop.mapred.MapTask: Spilling map output
2017-03-17 14:23:28,382 INFO org.apache.hadoop.mapred.MapTask: bufstart = 0; bufend = 8331; bufvoid = 104857600
2017-03-17 14:23:28,382 INFO org.apache.hadoop.mapred.MapTask: kvstart = 26214396(104857584); kvend = 26211440(104845760); length = 2957/6553600
2017-03-17 14:23:28,462 INFO org.apache.hadoop.mapred.MapTask: Finished spill 0
2017-03-17 14:23:28,470 INFO org.apache.hadoop.mapred.Task: Task:attempt_local1974161352_0001_m_000001_0 is done. And is in the process of committing
2017-03-17 14:23:28,472 INFO org.apache.hadoop.mapred.LocalJobRunner: map
2017-03-17 14:23:28,472 INFO org.apache.hadoop.mapred.Task: Task 'attempt_local1974161352_0001_m_000001_0' done.
2017-03-17 14:23:28,486 INFO org.apache.hadoop.mapred.LocalJobRunner: Finishing task: attempt_local1974161352_0001_m_000001_0
2017-03-17 14:23:28,494 INFO org.apache.hadoop.mapred.LocalJobRunner: map task executor complete.
2017-03-17 14:23:28,505 INFO org.apache.hadoop.mapred.LocalJobRunner: Waiting for reduce tasks
2017-03-17 14:23:28,505 INFO org.apache.hadoop.mapred.LocalJobRunner: Starting task: attempt_local1974161352_0001_r_000000_0
2017-03-17 14:23:28,529 INFO org.apache.hadoop.mapreduce.lib.output.FileOutputCommitter: File Output Committer Algorithm version is 1
2017-03-17 14:23:28,530 INFO org.apache.hadoop.mapred.Task:  Using ResourceCalculatorProcessTree : [ ]
2017-03-17 14:23:28,538 INFO org.apache.hadoop.mapred.ReduceTask: Using ShuffleConsumerPlugin: org.apache.hadoop.mapreduce.task.reduce.Shuffle@1bc0e7b8
2017-03-17 14:23:28,572 INFO org.apache.hadoop.mapreduce.task.reduce.MergeManagerImpl: MergerManager: memoryLimit=1396395136, maxSingleShuffleLimit=349098784, mergeThreshold=921620800, ioSortFactor=10, memToMemMergeOutputsThreshold=10
2017-03-17 14:23:28,621 INFO org.apache.hadoop.mapreduce.task.reduce.EventFetcher: attempt_local1974161352_0001_r_000000_0 Thread started: EventFetcher for fetching Map Completion Events
2017-03-17 14:23:28,701 INFO org.apache.hadoop.mapreduce.task.reduce.LocalFetcher: localfetcher#1 about to shuffle output of map attempt_local1974161352_0001_m_000000_0 decomp: 17487 len: 17491 to MEMORY
2017-03-17 14:23:28,705 INFO org.apache.hadoop.mapreduce.task.reduce.InMemoryMapOutput: Read 17487 bytes from map-output for attempt_local1974161352_0001_m_000000_0
2017-03-17 14:23:28,706 INFO org.apache.hadoop.mapreduce.task.reduce.MergeManagerImpl: closeInMemoryFile -> map-output of size: 17487, inMemoryMapOutputs.size() -> 1, commitMemory -> 0, usedMemory ->17487
2017-03-17 14:23:28,711 INFO org.apache.hadoop.mapreduce.task.reduce.LocalFetcher: localfetcher#1 about to shuffle output of map attempt_local1974161352_0001_m_000001_0 decomp: 9813 len: 9817 to MEMORY
2017-03-17 14:23:28,712 INFO org.apache.hadoop.mapreduce.task.reduce.InMemoryMapOutput: Read 9813 bytes from map-output for attempt_local1974161352_0001_m_000001_0
2017-03-17 14:23:28,712 INFO org.apache.hadoop.mapreduce.task.reduce.MergeManagerImpl: closeInMemoryFile -> map-output of size: 9813, inMemoryMapOutputs.size() -> 2, commitMemory -> 17487, usedMemory ->27300
2017-03-17 14:23:28,712 INFO org.apache.hadoop.mapreduce.task.reduce.EventFetcher: EventFetcher is interrupted.. Returning
2017-03-17 14:23:28,713 INFO org.apache.hadoop.mapred.LocalJobRunner: 2 / 2 copied.
2017-03-17 14:23:28,714 INFO org.apache.hadoop.mapreduce.task.reduce.MergeManagerImpl: finalMerge called with 2 in-memory map-outputs and 0 on-disk map-outputs
2017-03-17 14:23:28,725 INFO org.apache.hadoop.mapred.Merger: Merging 2 sorted segments
2017-03-17 14:23:28,728 INFO org.apache.hadoop.mapred.Merger: Down to the last merge-pass, with 2 segments left of total size: 27269 bytes
2017-03-17 14:23:28,788 INFO org.apache.hadoop.mapreduce.task.reduce.MergeManagerImpl: Merged 2 segments, 27300 bytes to disk to satisfy reduce memory limit
2017-03-17 14:23:28,791 INFO org.apache.hadoop.mapreduce.task.reduce.MergeManagerImpl: Merging 1 files, 27302 bytes from disk
2017-03-17 14:23:28,792 INFO org.apache.hadoop.mapreduce.task.reduce.MergeManagerImpl: Merging 0 segments, 0 bytes from memory into reduce
2017-03-17 14:23:28,792 INFO org.apache.hadoop.mapred.Merger: Merging 1 sorted segments
2017-03-17 14:23:28,793 INFO org.apache.hadoop.mapred.Merger: Down to the last merge-pass, with 1 segments left of total size: 27293 bytes
2017-03-17 14:23:28,793 INFO org.apache.hadoop.mapred.LocalJobRunner: 2 / 2 copied.
2017-03-17 14:23:28,812 INFO org.apache.hadoop.conf.Configuration.deprecation: mapred.skip.on is deprecated. Instead, use mapreduce.job.skiprecords
2017-03-17 14:23:29,009 INFO org.apache.hadoop.mapred.Task: Task:attempt_local1974161352_0001_r_000000_0 is done. And is in the process of committing
2017-03-17 14:23:29,010 INFO org.apache.hadoop.mapred.LocalJobRunner: 2 / 2 copied.
2017-03-17 14:23:29,014 INFO org.apache.hadoop.mapred.Task: Task attempt_local1974161352_0001_r_000000_0 is allowed to commit now
2017-03-17 14:23:29,014 INFO org.apache.hadoop.mapreduce.lib.output.FileOutputCommitter: Saved output of task 'attempt_local1974161352_0001_r_000000_0' to file:/home/cloudera/workspace/MDP2/output2/_temporary/0/task_local1974161352_0001_r_000000
2017-03-17 14:23:29,015 INFO org.apache.hadoop.mapred.LocalJobRunner: reduce > reduce
2017-03-17 14:23:29,015 INFO org.apache.hadoop.mapred.Task: Task 'attempt_local1974161352_0001_r_000000_0' done.
2017-03-17 14:23:29,015 INFO org.apache.hadoop.mapred.LocalJobRunner: Finishing task: attempt_local1974161352_0001_r_000000_0
2017-03-17 14:23:29,017 INFO org.apache.hadoop.mapred.LocalJobRunner: reduce task executor complete.
2017-03-17 14:23:29,311 INFO org.apache.hadoop.mapreduce.Job:  map 100% reduce 100%
2017-03-17 14:23:29,312 INFO org.apache.hadoop.mapreduce.Job: Job job_local1974161352_0001 completed successfully
2017-03-17 14:23:29,333 INFO org.apache.hadoop.mapreduce.Job: Counters: 31
	File System Counters
		FILE: Number of bytes read=155007
		FILE: Number of bytes written=933299
		FILE: Number of read operations=0
		FILE: Number of large read operations=0
		FILE: Number of write operations=0
	Map-Reduce Framework
		Map input records=1000
		Map output records=1240
		Map output bytes=24816
		Map output materialized bytes=27308
		Input split bytes=235
		Combine input records=0
		Combine output records=0
		Reduce input groups=1118
		Reduce shuffle bytes=27308
		Reduce input records=1240
		Reduce output records=35
		Spilled Records=2480
		Shuffled Maps =2
		Failed Shuffles=0
		Merged Map outputs=2
		GC time elapsed (ms)=162
		Total committed heap usage (bytes)=783298560
	Shuffle Errors
		BAD_ID=0
		CONNECTION=0
		IO_ERROR=0
		WRONG_LENGTH=0
		WRONG_MAP=0
		WRONG_REDUCE=0
	File Input Format Counters 
		Bytes Read=32969
	File Output Format Counters 
		Bytes Written=390
	preprocessing.IndexSim$ComparisonNumber
		TOTALCOMP=168
